number,value,params_alpha_delay_congestion_r12,params_congestion_multiplier_r12,params_spd_bus_history_calibration_factor,params_spd_car_history_calibration_factor,user_attrs_component_activity,user_attrs_component_annual_distance,user_attrs_component_city_modal,user_attrs_component_energy_environment,user_attrs_component_operational_shares,user_attrs_component_r12_modal,user_attrs_component_speed,user_attrs_fit_loss,user_attrs_omega,user_attrs_stability,state,study_file
0,0.0827564009579615,1.0,3.04882125,1.0,1.0,0.0415882358075321,0.1286575559768246,0.0725542943285861,0.0932750171821726,3.193111471854626e-17,0.1083442270724203,0.0932110193436026,0.0827564009579615,0.0,0.0,COMPLETE,random_seed101
1,0.0962330664338949,0.9343043312450208,2.761301690352747,1.014133517373628,1.0032797255404893,0.0415882358075321,0.1286575559768246,0.0725542943285861,0.0932750171821726,3.193111471854626e-17,0.1093953532862759,0.0911508984687707,0.0828131704239422,0.3354974002488178,0.0,COMPLETE,random_seed101
2,0.0920994064790708,1.0787226159366796,2.931116151713778,1.0667793725272154,1.0370553963394626,0.0375481362430353,0.1289043986953523,0.0646571488205614,0.0888755648886805,3.193111471854626e-17,0.1089945138166695,0.0840194621953952,0.0785790876122485,0.3380079716705575,0.0,COMPLETE,random_seed101
3,0.0899687479011251,0.9704263908053228,3.0818872964315127,0.9379877908409594,1.044308772353661,0.0415792121737183,0.12865688922454,0.0725663675869751,0.0933895913271717,3.193111471854626e-17,0.1074562027418387,0.0993457754325783,0.0831677428824846,0.1700251254660132,0.0,COMPLETE,random_seed101
4,0.097971097213488,0.9464707323629522,3.332656278001618,1.0571203523728718,0.9363784805320158,0.0375545986037618,0.1294619557421398,0.0645598007040263,0.08943940951955,3.193111471854626e-17,0.1046140825656558,0.0996236718319443,0.0791282971112319,0.4710700025564018,0.0,COMPLETE,random_seed101
5,0.0949869374020191,0.9552477656994526,3.1884528469029165,1.0207096844582435,0.9167122867326688,0.0415882358075321,0.1286575559768246,0.0725542943285861,0.0932750171821726,3.193111471854626e-17,0.1059475057628728,0.1068481470364501,0.0835209333998594,0.2866501000539933,0.0,COMPLETE,random_seed101
6,0.0974207042088578,0.9275738475124212,2.773503262600406,1.0035734948394095,1.0370612657560356,0.0415882358075321,0.1286575559768246,0.0725542943285861,0.0932750171821726,3.193111471854626e-17,0.1093913844167656,0.0893711248248735,0.0826342008421749,0.3696625841670714,0.0,COMPLETE,random_seed101
7,0.0936735859109744,1.0157579070950835,3.061422270110562,1.0988635802308195,0.9373934852275844,0.036291252492311,0.1288148229697658,0.0665761243019351,0.0862157547063963,3.193111471854626e-17,0.107963431712103,0.0974868391986168,0.0797146087421468,0.3489744292206892,0.0,COMPLETE,random_seed101
8,0.0942300513773995,1.0615840301975834,3.300747519230997,1.0083923544459188,1.0469638116538764,0.0415882358075321,0.1286575559768246,0.0725542943285861,0.0932750171821726,3.193111471854626e-17,0.1046140825656558,0.0883082999810004,0.0813335928950102,0.3224114620597345,0.0,COMPLETE,random_seed101
9,0.0928559521435649,0.968726315578512,3.32496928028814,0.9714448685641576,0.9805995661387577,0.0415882341659723,0.1286575556877622,0.0725543042814435,0.0932750746103995,3.193111471854626e-17,0.1046140825656558,0.0997946937346258,0.0824822436918548,0.2593427112927512,0.0,COMPLETE,random_seed101
1,0.1075036424029644,1.0985874733266283,3.339899015324083,0.952810862199077,0.9448412359979254,0.0415882341659723,0.1286575556877622,0.0725543042814435,0.0932750746103995,3.193111471854626e-17,0.1046586968212748,0.1088597384251393,0.0833999017248109,0.6025935169538372,0.0,COMPLETE,random_seed202
2,0.0986349373479986,0.9228650158492578,3.109558037153096,1.0142951075941873,1.0989984203867689,0.0415882358075321,0.1286575559768246,0.0725542943285861,0.0932750171821726,3.193111471854626e-17,0.1083955041458893,0.0883511376442044,0.0822832320563889,0.4087926322902411,0.0,COMPLETE,random_seed202
3,0.098731173533303,1.010526424605574,3.3482420502460504,0.9463728210236738,1.0620047463597402,0.0415882341659723,0.1286575556877622,0.0725543042814435,0.0932750746103995,3.193111471854626e-17,0.1046586968212748,0.097410265319774,0.0822549544142744,0.4119054779757148,0.0,COMPLETE,random_seed202
4,0.0966042410312928,1.0745688490221204,3.011237116476297,0.9173986386806172,0.9877536584380208,0.0415801591229743,0.1286569215932515,0.072565664415854,0.0933799925594256,3.193111471854626e-17,0.106985073528744,0.1080497587600724,0.0839188044588233,0.3171359143117392,0.0,COMPLETE,random_seed202
5,0.0916727016539799,1.0742258126379385,2.877078281444267,1.0486530490097616,0.9822444899232908,0.038684487453104,0.1298120828064847,0.0667038843108842,0.0888569754179742,3.193111471854626e-17,0.1099876938088991,0.0911199027006451,0.0803076782138853,0.2841255860023645,0.0,COMPLETE,random_seed202
6,0.0900593511098041,1.0508816165466774,3.0072280026792755,0.9387365996472702,1.010523387691607,0.0415792121737183,0.12865688922454,0.0725663675869751,0.0933895913271717,3.193111471854626e-17,0.1076076906134547,0.1014931383694679,0.0834203511440776,0.1659749991431634,0.0,COMPLETE,random_seed202
7,0.09129046020719,0.9687573647876984,3.281878282693192,0.9566426332671536,0.9929242019513388,0.0415882341659723,0.1286575556877622,0.0725543042814435,0.0932750746103995,3.193111471854626e-17,0.1046140825656558,0.1003832430628189,0.0825410986246742,0.2187340395628966,0.0,COMPLETE,random_seed202
8,0.0941791658516445,0.9337870354187788,2.979702835424233,1.0612829120592036,1.0834868722062836,0.0375545986037618,0.1294619557421398,0.0645598007040263,0.08943940951955,3.193111471854626e-17,0.1086311984809294,0.083851938826743,0.0785554027895302,0.3905940765528569,0.0,COMPLETE,random_seed202
9,0.1084690604335716,0.9647110548709774,2.766960608140032,0.9056300438697052,0.935376293531533,0.0415801589514635,0.1286569357826248,0.0725656593195959,0.0933799897144771,3.193111471854626e-17,0.1093985047775535,0.1187782592038536,0.0855950110521017,0.5718512345367479,0.0,COMPLETE,random_seed202
1,0.0907399561509939,1.0621783718926188,3.0797937888121094,0.9562070142660926,1.0500296846854658,0.0415882341659723,0.1286575556877622,0.0725543042814435,0.0932750746103995,3.193111471854626e-17,0.1056445617584605,0.0958941478032054,0.082349808896914,0.2097536813519995,0.0,COMPLETE,random_seed303
2,0.0884264112386067,0.9720600852198864,2.8579850300250773,0.9870566066242712,1.0242346282139487,0.0415882358075321,0.1286575559768246,0.0725542943285861,0.0932750171821726,3.193111471854626e-17,0.1095147991265942,0.0924504258546895,0.0829729846226137,0.1363356653998259,0.0,COMPLETE,random_seed303
3,0.0910949940154091,0.92908816055724,3.1435681301338465,1.017542324050048,0.9576825223788458,0.0415882358075321,0.1286575559768246,0.0725542943285861,0.0932750171821726,3.193111471854626e-17,0.1073877242692881,0.0980607701872816,0.0830022503415464,0.2023185918465673,0.0,COMPLETE,random_seed303
4,0.0946755238673009,0.944288778131631,3.151789929414511,1.0106798166311044,0.919646890803962,0.0415882358075321,0.1286575559768246,0.0725542943285861,0.0932750171821726,3.193111471854626e-17,0.1072224682047174,0.1070560955337409,0.0838604688600496,0.2703763751812819,0.0,COMPLETE,random_seed303
5,0.1019562303469067,1.0076644999869355,3.1972952693056933,0.9251749669637992,0.904664631391914,0.0415801591229743,0.1286569215932515,0.072565664415854,0.0933799925594256,3.193111471854626e-17,0.1051110727754408,0.1219296354238371,0.0848382919368739,0.4279484602508191,0.0,COMPLETE,random_seed303
6,0.1000518370195676,1.007693176747856,2.762458395517373,1.0517172150443397,0.916566510026468,0.038684487453104,0.1298120828064847,0.0667038843108842,0.0888569754179742,3.193111471854626e-17,0.1094894511256629,0.1046365871468809,0.0815347859876998,0.4629262757966947,0.0,COMPLETE,random_seed303
7,0.118689138084337,0.9129670297589332,3.324365866796561,0.9021185484766148,1.099779168767532,0.0415801833424037,0.1286569331600375,0.0725657139375466,0.0933799890622277,3.193111471854626e-17,0.1053455800896454,0.1070568742412511,0.0834096599793768,0.8819869526240035,0.0,COMPLETE,random_seed303
8,0.086214468752356,1.0335830066343132,2.932642784715207,1.0024748208403964,0.9813801366017324,0.0415882358075321,0.1286575559768246,0.0725542943285861,0.0932750171821726,3.193111471854626e-17,0.1095184644530716,0.0955289869375285,0.0832817570625169,0.0733177922459774,0.0,COMPLETE,random_seed303
9,0.0946875029626845,0.9841622064981048,2.789250876921088,0.9428719386808128,1.001218698286183,0.0415792121737183,0.12865688922454,0.0725663675869751,0.0933895913271717,3.193111471854626e-17,0.1095269488035863,0.1017224526799551,0.0839230971226592,0.2691101460006323,0.0,COMPLETE,random_seed303
1,0.0921181679007814,0.9556070611087129,3.288523075819892,0.9701422630739406,1.033765017126236,0.0415882341659723,0.1286575556877622,0.0725543042814435,0.0932750746103995,3.193111471854626e-17,0.1046140825656558,0.0943181485678037,0.0819345891751726,0.2545894681402197,0.0,COMPLETE,random_seed404
2,0.1041807730989831,0.9012494502398012,3.031846665097896,1.0835782755283632,0.9104974088129276,0.0351488785699133,0.1289049886173927,0.0618625274450277,0.0883800019649351,3.193111471854626e-17,0.1087763729257756,0.1043207295216333,0.0794020619997167,0.6194677774816593,0.0,COMPLETE,random_seed404
3,0.0867077983776421,0.9693425550465744,3.2134291443624683,1.0682253391510956,0.9976012698988014,0.0375481362430353,0.1289043986953523,0.0646571488205614,0.0888755648886805,3.193111471854626e-17,0.1059352399542047,0.0878015353446908,0.0781924764615619,0.2128830479020055,0.0,COMPLETE,random_seed404
4,0.0852030526102588,1.0201799748041642,3.14774860888718,1.045457048006326,0.9717874242157296,0.0408190163728991,0.1293202621272905,0.0715147659712801,0.0885625425342389,3.193111471854626e-17,0.1051690877689709,0.0930167490002686,0.0808806727574439,0.1080594963203722,0.0,COMPLETE,random_seed404
5,0.0956764344256667,1.039677745560719,2.7545915947989816,1.0399186493442774,1.0448599693072051,0.0408190163728991,0.1293202621272905,0.0715147659712801,0.0885625425342389,3.193111471854626e-17,0.1095188914266864,0.0851633164518083,0.0811827804170267,0.3623413502159998,0.0,COMPLETE,random_seed404
6,0.09600997535011,1.0482675699829864,3.27278070713186,1.096932756540959,0.9587303198520802,0.0350842777156068,0.1293119606017632,0.0618297779827696,0.0876711328298512,3.193111471854626e-17,0.1048161316324702,0.0930737261921579,0.0771850346482907,0.4706235175454817,0.0,COMPLETE,random_seed404
7,0.1001621660822354,0.9320241592461443,2.7594089558856933,0.9591716204229718,0.9709017320550786,0.0415882341659723,0.1286575556877622,0.0725543042814435,0.0932750746103995,3.193111471854626e-17,0.1093964786526143,0.1031847352941908,0.084016846869551,0.4036329803171106,0.0,COMPLETE,random_seed404
8,0.1038273240750283,0.9019643093077944,3.18656782863843,0.9303062199023592,1.063826450808968,0.0415792121737183,0.12865688922454,0.0725663675869751,0.0933895913271717,3.193111471854626e-17,0.1073420546540471,0.1003940316648177,0.0832440314837607,0.514582314781692,0.0,COMPLETE,random_seed404
9,0.0967074334355602,1.0163089034884556,3.3470064438520546,0.9458625226870266,1.0402864710253628,0.0415882341659723,0.1286575556877622,0.0725543042814435,0.0932750746103995,3.193111471854626e-17,0.1046586968212748,0.0980814693885132,0.0823220748211483,0.3596339653602977,0.0,COMPLETE,random_seed404
